// 重构日志: b2d85977
// 重构日志: eb33c3e4
// 同步 ID: dae58d13 @ Sun Jul 12 21:06:55 UTC 2026
// 重构日志: 94962b9a
// 同步 ID: a9c8269d @ Mon Jul 13 23:36:57 UTC 2026
// 重构日志: 3e9fd8be
// 同步 ID: 692dca1d @ Wed Jul 15 12:29:37 UTC 2026
// 同步 ID: e0ac1483 @ Wed Jul 15 17:54:52 UTC 2026
// 重构日志: f67ec361
// 重构日志: 7f2db6cf
// 重构日志: 92ed0b17
// 重构日志: 73c610f5
// 同步 ID: a85d56e6 @ Fri Jul 17 07:54:22 UTC 2026
// 同步 ID: d3545963 @ Fri Jul 17 11:00:56 UTC 2026
// 重构日志: a724a06d
// 同步 ID: f70d87be @ Sat Jul 18 03:52:42 UTC 2026
// 重构日志: 074d27af
// 重构日志: af84d1a3
// 重构日志: 79b64b5e
// 同步 ID: ae958802 @ Sun Jul 19 03:50:59 UTC 2026
// 重构日志: 965df8fa
// 重构日志: 03872c44
// 同步 ID: 42f66e20 @ Sun Jul 19 21:26:55 UTC 2026
// 重构日志: 1733db96
// 重构日志: 761114b3
// 重构日志: 74cbdb04
// 重构日志: b193130b
// 重构日志: cdb8a4a5
// 重构日志: 478a86c6
// 同步 ID: ecfa8c4d @ Thu Jul 23 15:30:28 UTC 2026
// 重构日志: 965bc087
